This is pdfTeXk, Version 3.141592-1.40.3 (Web2C 7.5.6) (format=latex 2010.11.5)  22 NOV 2010 18:49
entering extended mode
 %&-line parsing enabled.
**full.tex
(./full.tex
LaTeX2e <2005/12/01>
Babel <v3.8h> and hyphenation patterns for english, usenglishmax, dumylang, noh
yphenation, loaded.
(/usr/share/texmf-texlive/tex/latex/base/article.cls
Document Class: article 2005/09/16 v1.4f Standard LaTeX document class
(/usr/share/texmf-texlive/tex/latex/base/size10.clo
File: size10.clo 2005/09/16 v1.4f Standard LaTeX file (size option)
)
\c@part=\count79
\c@section=\count80
\c@subsection=\count81
\c@subsubsection=\count82
\c@paragraph=\count83
\c@subparagraph=\count84
\c@figure=\count85
\c@table=\count86
\abovecaptionskip=\skip41
\belowcaptionskip=\skip42
\bibindent=\dimen102
) (./aaai.sty
Conference Style for AAAI for LaTeX 2e -- version of 7 March 2010
\titlebox=\skip43
) (./times.sty
Package: times 2005/04/12 PSNFSS-v9.2a (SPQR) 
) (./helvet.sty
Package: helvet 2005/04/12 PSNFSS-v9.2a (WaS) 
 (./keyval.sty
Package: keyval 1999/03/16 v1.13 key=value parser (DPC)
\KV@toks@=\toks14
)) (./courier.sty
Package: courier 2005/04/12 PSNFSS-v9.2a (WaS) 
) (./graphicx.sty
Package: graphicx 1999/02/16 v1.0f Enhanced LaTeX Graphics (DPC,SPQR)

(./graphics.sty
Package: graphics 2006/02/20 v1.0o Standard LaTeX Graphics (DPC,SPQR)
 (./trig.sty
Package: trig 1999/03/16 v1.09 sin cos tan (DPC)
) (/etc/texmf/tex/latex/config/graphics.cfg
File: graphics.cfg 2007/01/18 v1.5 graphics configuration of teTeX/TeXLive
)
Package graphics Info: Driver file: dvips.def on input line 90.

(/usr/share/texmf-texlive/tex/latex/graphics/dvips.def
File: dvips.def 1999/02/16 v3.0i Driver-dependant file (DPC,SPQR)
))
\Gin@req@height=\dimen103
\Gin@req@width=\dimen104
)
pdfTeX warning (\pdfinfo): not allowed in DVI mode (\pdfoutput <= 0); ignoring 
it
(./full.aux)
\openout1 = `full.aux'.

LaTeX Font Info:    Checking defaults for OML/cmm/m/it on input line 24.
LaTeX Font Info:    ... okay on input line 24.
LaTeX Font Info:    Checking defaults for T1/cmr/m/n on input line 24.
LaTeX Font Info:    ... okay on input line 24.
LaTeX Font Info:    Checking defaults for OT1/cmr/m/n on input line 24.
LaTeX Font Info:    ... okay on input line 24.
LaTeX Font Info:    Checking defaults for OMS/cmsy/m/n on input line 24.
LaTeX Font Info:    ... okay on input line 24.
LaTeX Font Info:    Checking defaults for OMX/cmex/m/n on input line 24.
LaTeX Font Info:    ... okay on input line 24.
LaTeX Font Info:    Checking defaults for U/cmr/m/n on input line 24.
LaTeX Font Info:    ... okay on input line 24.
LaTeX Font Info:    Try loading font information for OT1+ptm on input line 24.
 (/usr/share/texmf-texlive/tex/latex/psnfss/ot1ptm.fd
File: ot1ptm.fd 2001/06/04 font definitions for OT1/ptm.
)
LaTeX Font Info:    Font shape `OT1/ptm/bx/n' in size <14.4> not available
(Font)              Font shape `OT1/ptm/b/n' tried instead on input line 25.
LaTeX Font Info:    External font `cmex10' loaded for size
(Font)              <7> on input line 25.
LaTeX Font Info:    External font `cmex10' loaded for size
(Font)              <5> on input line 25.
LaTeX Font Info:    Font shape `OT1/ptm/bx/n' in size <12> not available
(Font)              Font shape `OT1/ptm/b/n' tried instead on input line 25.
LaTeX Font Info:    Try loading font information for OMS+ptm on input line 25.

(/usr/share/texmf-texlive/tex/latex/psnfss/omsptm.fd
File: omsptm.fd 
)
LaTeX Font Info:    Font shape `OMS/ptm/m/n' in size <9> not available
(Font)              Font shape `OMS/cmsy/m/n' tried instead on input line 25.
LaTeX Font Info:    Font shape `OT1/ptm/bx/n' in size <10> not available
(Font)              Font shape `OT1/ptm/b/n' tried instead on input line 26.
LaTeX Font Info:    Font shape `OMS/ptm/m/n' in size <10> not available
(Font)              Font shape `OMS/cmsy/m/n' tried instead on input line 59.
LaTeX Font Info:    Font shape `OT1/ptm/bx/n' in size <10.95> not available
(Font)              Font shape `OT1/ptm/b/n' tried instead on input line 92.
 [1



]

LaTeX Warning: File `spse2.ps' not found on input line 146.


! LaTeX Error: File `spse2.ps' not found.

See the LaTeX manual or LaTeX Companion for explanation.
Type  H <return>  for immediate help.
 ...                                              
                                                  
l.146       \includegraphics[width=84mm]{spse2.ps}
                                                  
? q
OK, entering \batchmode...

! LaTeX Error: Cannot determine size of graphic in spse2.ps (no BoundingBox).

See the LaTeX manual or LaTeX Companion for explanation.
Type  H <return>  for immediate help.
 ...                                              
                                                  
l.146       \includegraphics[width=84mm]{spse2.ps}
                                                  
Try typing  <return>  to proceed.
If that doesn't work, type  X <return>  to quit.

File: spse2.ps Graphic file (type eps)
 <spse2.ps>
Underfull \hbox (badness 10000) in paragraph at lines 164--171

 []


Underfull \hbox (badness 1097) in paragraph at lines 172--173
\OT1/ptm/m/it/10 Meta-math-e-mat-ics, Net-workMap-per, PIC-Form, Plan-ning,
 []


Underfull \hbox (badness 10000) in paragraph at lines 172--173

 []

LaTeX Font Info:    Try loading font information for OT1+pcr on input line 175.

 (/usr/share/texmf-texlive/tex/latex/psnfss/ot1pcr.fd
File: ot1pcr.fd 2001/06/04 font definitions for OT1/pcr.
) [2]

LaTeX Warning: File `notification-manager.ps' not found on input line 306.


! LaTeX Error: File `notification-manager.ps' not found.

See the LaTeX manual or LaTeX Companion for explanation.
Type  H <return>  for immediate help.
 ...                                              
                                                  
l.306 ...hics[width=84mm]{notification-manager.ps}
                                                  
Try typing  <return>  to proceed.
If that doesn't work, type  X <return>  to quit.


! LaTeX Error: Cannot determine size of graphic in notification-manager.ps (no 
BoundingBox).

See the LaTeX manual or LaTeX Companion for explanation.
Type  H <return>  for immediate help.
 ...                                              
                                                  
l.306 ...hics[width=84mm]{notification-manager.ps}
                                                  
Try typing  <return>  to proceed.
If that doesn't work, type  X <return>  to quit.

File: notification-manager.ps Graphic file (type eps)
 <notification-manager.ps>
Overfull \hbox (3.60535pt too wide) in paragraph at lines 327--327
[]\OT1/pcr/m/n/9 (implies <LF> (rule-activated <RULE-NUMBER>))[] 
 []

 [3]

LaTeX Warning: File `location-logic.ps' not found on input line 414.


! LaTeX Error: File `location-logic.ps' not found.

See the LaTeX manual or LaTeX Companion for explanation.
Type  H <return>  for immediate help.
 ...                                              
                                                  
l.414 ...degraphics[width=84mm]{location-logic.ps}
                                                  
Try typing  <return>  to proceed.
If that doesn't work, type  X <return>  to quit.


! LaTeX Error: Cannot determine size of graphic in location-logic.ps (no Boundi
ngBox).

See the LaTeX manual or LaTeX Companion for explanation.
Type  H <return>  for immediate help.
 ...                                              
                                                  
l.414 ...degraphics[width=84mm]{location-logic.ps}
                                                  
Try typing  <return>  to proceed.
If that doesn't work, type  X <return>  to quit.

File: location-logic.ps Graphic file (type eps)
 <location-logic.ps> [4]
Underfull \hbox (badness 1024) in paragraph at lines 518--531
\OT1/ptm/m/n/10 The plan-ning sys-tem and in-ter-ac-tive ex-e-cu-tion mon-i-tor

 []

 [5]

LaTeX Warning: File `paperless-office.ps' not found on input line 571.


! LaTeX Error: File `paperless-office.ps' not found.

See the LaTeX manual or LaTeX Companion for explanation.
Type  H <return>  for immediate help.
 ...                                              
                                                  
l.571 ...graphics[width=84mm]{paperless-office.ps}
                                                  
Try typing  <return>  to proceed.
If that doesn't work, type  X <return>  to quit.


! LaTeX Error: Cannot determine size of graphic in paperless-office.ps (no Boun
dingBox).

See the LaTeX manual or LaTeX Companion for explanation.
Type  H <return>  for immediate help.
 ...                                              
                                                  
l.571 ...graphics[width=84mm]{paperless-office.ps}
                                                  
Try typing  <return>  to proceed.
If that doesn't work, type  X <return>  to quit.

File: paperless-office.ps Graphic file (type eps)
 <paperless-office.ps> [6] [7

] (./full.aux) ) 
Here is how much of TeX's memory you used:
 684 strings out of 95087
 8016 string characters out of 1183278
 59246 words of memory out of 1500000
 3892 multiletter control sequences out of 10000+50000
 9486 words of font info for 27 fonts, out of 1200000 for 2000
 28 hyphenation exceptions out of 8191
 25i,10n,19p,292b,242s stack positions out of 5000i,500n,6000p,200000b,5000s

Output written on full.dvi (7 pages, 41548 bytes).
